{"total": {"lines":{"total":19,"covered":13,"skipped":0,"pct":68.42},"statements":{"total":19,"covered":13,"skipped":0,"pct":68.42},"functions":{"total":4,"covered":2,"skipped":0,"pct":50},"branches":{"total":0,"covered":0,"skipped":0,"pct":100},"branchesTrue":{"total":0,"covered":0,"skipped":0,"pct":100}}
,"/home/tag/Documents/projetos/docker-node-posq/src/controllers/UserController.js": {"lines":{"total":15,"covered":10,"skipped":0,"pct":66.66},"functions":{"total":3,"covered":2,"skipped":0,"pct":66.66},"statements":{"total":15,"covered":10,"skipped":0,"pct":66.66},"branches":{"total":0,"covered":0,"skipped":0,"pct":100}}
,"/home/tag/Documents/projetos/docker-node-posq/src/controllers/utils.js": {"lines":{"total":1,"covered":1,"skipped":0,"pct":100},"functions":{"total":0,"covered":0,"skipped":0,"pct":100},"statements":{"total":1,"covered":1,"skipped":0,"pct":100},"branches":{"total":0,"covered":0,"skipped":0,"pct":100}}
,"/home/tag/Documents/projetos/docker-node-posq/src/models/User.js": {"lines":{"total":3,"covered":2,"skipped":0,"pct":66.66},"functions":{"total":1,"covered":0,"skipped":0,"pct":0},"statements":{"total":3,"covered":2,"skipped":0,"pct":66.66},"branches":{"total":0,"covered":0,"skipped":0,"pct":100}}
}
